
           ####      G N O M             Version 5.0 (r14833)      ####
                                               Tue Feb 28 11:51:18 2023

           ####      Configuration                                 ####

    System Type:                   arbitrary monodisperse (job = 0)
    Minimum characteristic size:         0.0000
    Maximum characteristic size:        15.1900
    rad56:                               0.0000
    Force 0.0 at r = rmin:                  yes
    Force 0.0 at r = rmax:                  yes
    Initial alpha:                       0.0000
    Initial random seed:    8608369674523056632
    Points in real space:                   192

    Input  1:                      /Users/nqd670/Documents/MATLAB/CaMK2a/DATA-BFcleaning/WT_P12_608_pts18-1783.dat
    First data point used:                   29
    Last data point used:                   607
    Scaling coefficient:             0.1000E+01
    Experimental setup:            point collimation



           ####      Results                                       ####

    Parameter    DISCRP  OSCILL  STABIL  SYSDEV  POSITV  VALCEN  SMOOTH
    Weight        1.000   3.000   3.000   3.000   1.000   1.000   1.000
    Sigma         0.300   0.600   0.120   0.120   0.120   0.120   0.600
    Ideal         0.700   1.100   0.000   1.000   1.000   0.950   0.000
    Current       0.664   1.415   0.006   0.924   1.000   0.907   1.962
               --------------------------------------------------------
    Estimate      0.986   0.759   0.997   0.669   1.000   0.879   0.000

    Angular range:                       0.1481 to       1.7635
    Reciprocal space Rg:             0.4500E+01
    Reciprocal space I(0):           0.1178E+00

    Real space range:                    0.0000 to      15.1900
    Real space Rg:                   0.4510E+01 +-   0.9279E-02
    Real space I(0):                 0.1178E+00 +-   0.1909E-03

    Highest ALPHA (theor):           0.2384E+04
    Current ALPHA:                   0.1040E+02

    Total Estimate:                      0.7799 (a GOOD solution)



           ####      Experimental Data and Fit                     ####

      S          J EXP       ERROR       J REG       I REG

   0.000000E+00                                                0.117808E+00
   0.529007E-02                                                0.117785E+00
   0.105801E-01                                                0.117718E+00
   0.158702E-01                                                0.117606E+00
   0.211603E-01                                                0.117450E+00
   0.264504E-01                                                0.117250E+00
   0.317404E-01                                                0.117006E+00
   0.370305E-01                                                0.116717E+00
   0.423206E-01                                                0.116386E+00
   0.476106E-01                                                0.116012E+00
   0.529007E-01                                                0.115595E+00
   0.581908E-01                                                0.115136E+00
   0.634809E-01                                                0.114635E+00
   0.687709E-01                                                0.114094E+00
   0.740610E-01                                                0.113513E+00
   0.793511E-01                                                0.112892E+00
   0.846411E-01                                                0.112233E+00
   0.899312E-01                                                0.111535E+00
   0.952213E-01                                                0.110801E+00
   0.100511E+00                                                0.110030E+00
   0.105801E+00                                                0.109224E+00
   0.111092E+00                                                0.108383E+00
   0.116382E+00                                                0.107509E+00
   0.121672E+00                                                0.106602E+00
   0.126962E+00                                                0.105664E+00
   0.132252E+00                                                0.104696E+00
   0.137542E+00                                                0.103699E+00
   0.142832E+00                                                0.102673E+00
   0.148122E+00   0.103077E+00   0.581132E-03   0.101620E+00   0.101620E+00
   0.150916E+00   0.101974E+00   0.574439E-03   0.101054E+00   0.101054E+00
   0.153711E+00   0.101549E+00   0.567349E-03   0.100480E+00   0.100480E+00
   0.156506E+00   0.100534E+00   0.558762E-03   0.998992E-01   0.998992E-01
   0.159300E+00   0.100079E+00   0.558757E-03   0.993120E-01   0.993120E-01
   0.162095E+00   0.994480E-01   0.545874E-03   0.987181E-01   0.987181E-01
   0.164890E+00   0.990785E-01   0.539466E-03   0.981178E-01   0.981178E-01
   0.167685E+00   0.976446E-01   0.529407E-03   0.975114E-01   0.975114E-01
   0.170479E+00   0.983343E-01   0.528816E-03   0.968992E-01   0.968992E-01
   0.173274E+00   0.963049E-01   0.522285E-03   0.962809E-01   0.962809E-01
   0.176069E+00   0.966990E-01   0.516440E-03   0.956569E-01   0.956569E-01
   0.178864E+00   0.954658E-01   0.503891E-03   0.950275E-01   0.950275E-01
   0.181658E+00   0.945683E-01   0.498831E-03   0.943930E-01   0.943930E-01
   0.184453E+00   0.949800E-01   0.498490E-03   0.937532E-01   0.937532E-01
   0.187248E+00   0.929169E-01   0.493482E-03   0.931085E-01   0.931085E-01
   0.190043E+00   0.928002E-01   0.478249E-03   0.924590E-01   0.924590E-01
   0.192837E+00   0.916918E-01   0.483106E-03   0.918051E-01   0.918051E-01
   0.195632E+00   0.909268E-01   0.473414E-03   0.911466E-01   0.911466E-01
   0.198427E+00   0.900293E-01   0.464573E-03   0.904839E-01   0.904839E-01
   0.201222E+00   0.892703E-01   0.459598E-03   0.898172E-01   0.898172E-01
   0.204016E+00   0.892379E-01   0.460175E-03   0.891469E-01   0.891469E-01
   0.206811E+00   0.884200E-01   0.472675E-03   0.884726E-01   0.884726E-01
   0.209606E+00   0.881196E-01   0.468418E-03   0.877948E-01   0.877948E-01
   0.212401E+00   0.879132E-01   0.465924E-03   0.871137E-01   0.871137E-01
   0.215195E+00   0.861592E-01   0.464509E-03   0.864297E-01   0.864297E-01
   0.217990E+00   0.855770E-01   0.459996E-03   0.857424E-01   0.857424E-01
   0.220785E+00   0.845227E-01   0.461921E-03   0.850524E-01   0.850524E-01
   0.223580E+00   0.841264E-01   0.457951E-03   0.843598E-01   0.843598E-01
   0.226374E+00   0.840638E-01   0.453332E-03   0.836649E-01   0.836649E-01
   0.229169E+00   0.832481E-01   0.455037E-03   0.829675E-01   0.829675E-01
   0.231964E+00   0.823526E-01   0.450124E-03   0.822680E-01   0.822680E-01
   0.234759E+00   0.814583E-01   0.448997E-03   0.815666E-01   0.815666E-01
   0.237553E+00   0.813832E-01   0.444214E-03   0.808636E-01   0.808636E-01
   0.240348E+00   0.803372E-01   0.442069E-03   0.801588E-01   0.801588E-01
   0.243143E+00   0.796831E-01   0.442303E-03   0.794526E-01   0.794526E-01
   0.245938E+00   0.784495E-01   0.437829E-03   0.787451E-01   0.787451E-01
   0.248732E+00   0.777652E-01   0.429842E-03   0.780367E-01   0.780367E-01
   0.251527E+00   0.772577E-01   0.428535E-03   0.773271E-01   0.773271E-01
   0.254322E+00   0.768274E-01   0.428360E-03   0.766168E-01   0.766168E-01
   0.257117E+00   0.751367E-01   0.422314E-03   0.759058E-01   0.759058E-01
   0.259911E+00   0.752078E-01   0.420710E-03   0.751946E-01   0.751946E-01
   0.262706E+00   0.737639E-01   0.411980E-03   0.744828E-01   0.744828E-01
   0.265501E+00   0.732559E-01   0.416704E-03   0.737709E-01   0.737709E-01
   0.268296E+00   0.732348E-01   0.410882E-03   0.730589E-01   0.730589E-01
   0.271090E+00   0.710464E-01   0.403314E-03   0.723474E-01   0.723474E-01
   0.273885E+00   0.715586E-01   0.406877E-03   0.716359E-01   0.716359E-01
   0.276680E+00   0.706799E-01   0.401165E-03   0.709248E-01   0.709248E-01
   0.279475E+00   0.705342E-01   0.404618E-03   0.702142E-01   0.702142E-01
   0.282269E+00   0.692650E-01   0.395734E-03   0.695047E-01   0.695047E-01
   0.285064E+00   0.682278E-01   0.388281E-03   0.687957E-01   0.687957E-01
   0.287859E+00   0.679922E-01   0.391114E-03   0.680878E-01   0.680878E-01
   0.290654E+00   0.674026E-01   0.386213E-03   0.673809E-01   0.673809E-01
   0.293448E+00   0.667208E-01   0.389273E-03   0.666756E-01   0.666756E-01
   0.296243E+00   0.654481E-01   0.377196E-03   0.659714E-01   0.659714E-01
   0.299038E+00   0.649018E-01   0.376461E-03   0.652688E-01   0.652688E-01
   0.301833E+00   0.640005E-01   0.375515E-03   0.645677E-01   0.645677E-01
   0.304627E+00   0.627975E-01   0.368172E-03   0.638687E-01   0.638687E-01
   0.307422E+00   0.626527E-01   0.369906E-03   0.631713E-01   0.631713E-01
   0.310217E+00   0.621171E-01   0.363793E-03   0.624760E-01   0.624760E-01
   0.313011E+00   0.615072E-01   0.360691E-03   0.617830E-01   0.617830E-01
   0.315806E+00   0.606383E-01   0.362117E-03   0.610919E-01   0.610919E-01
   0.318601E+00   0.611090E-01   0.357339E-03   0.604033E-01   0.604033E-01
   0.321396E+00   0.593072E-01   0.353113E-03   0.597171E-01   0.597171E-01
   0.324190E+00   0.583040E-01   0.359266E-03   0.590337E-01   0.590337E-01
   0.326985E+00   0.577648E-01   0.363908E-03   0.583527E-01   0.583527E-01
   0.329780E+00   0.575825E-01   0.367550E-03   0.576745E-01   0.576745E-01
   0.332575E+00   0.570103E-01   0.362039E-03   0.569991E-01   0.569991E-01
   0.335369E+00   0.561041E-01   0.365057E-03   0.563270E-01   0.563270E-01
   0.338164E+00   0.551019E-01   0.364141E-03   0.556577E-01   0.556577E-01
   0.340959E+00   0.548121E-01   0.365026E-03   0.549915E-01   0.549915E-01
   0.343754E+00   0.543605E-01   0.364238E-03   0.543285E-01   0.543285E-01
   0.346548E+00   0.535560E-01   0.362303E-03   0.536692E-01   0.536692E-01
   0.349343E+00   0.526914E-01   0.363785E-03   0.530130E-01   0.530130E-01
   0.352138E+00   0.525484E-01   0.362072E-03   0.523603E-01   0.523603E-01
   0.354933E+00   0.519144E-01   0.360337E-03   0.517111E-01   0.517111E-01
   0.357727E+00   0.509386E-01   0.358641E-03   0.510659E-01   0.510659E-01
   0.360522E+00   0.501316E-01   0.355989E-03   0.504241E-01   0.504241E-01
   0.363317E+00   0.499165E-01   0.359941E-03   0.497862E-01   0.497862E-01
   0.366112E+00   0.488072E-01   0.354114E-03   0.491521E-01   0.491521E-01
   0.368906E+00   0.482650E-01   0.351909E-03   0.485221E-01   0.485221E-01
   0.371701E+00   0.480193E-01   0.352659E-03   0.478959E-01   0.478959E-01
   0.374496E+00   0.473653E-01   0.351016E-03   0.472738E-01   0.472738E-01
   0.377291E+00   0.460305E-01   0.348755E-03   0.466559E-01   0.466559E-01
   0.380085E+00   0.460386E-01   0.344708E-03   0.460423E-01   0.460423E-01
   0.382880E+00   0.454791E-01   0.348778E-03   0.454327E-01   0.454327E-01
   0.385675E+00   0.450553E-01   0.347303E-03   0.448274E-01   0.448274E-01
   0.388470E+00   0.443728E-01   0.343489E-03   0.442264E-01   0.442264E-01
   0.391264E+00   0.435529E-01   0.327209E-03   0.436301E-01   0.436301E-01
   0.394059E+00   0.430747E-01   0.320484E-03   0.430380E-01   0.430380E-01
   0.396854E+00   0.424514E-01   0.317577E-03   0.424503E-01   0.424503E-01
   0.399649E+00   0.420599E-01   0.313108E-03   0.418672E-01   0.418672E-01
   0.402443E+00   0.414048E-01   0.306788E-03   0.412888E-01   0.412888E-01
   0.405238E+00   0.408997E-01   0.300564E-03   0.407148E-01   0.407148E-01
   0.408033E+00   0.404556E-01   0.298396E-03   0.401455E-01   0.401455E-01
   0.410828E+00   0.393978E-01   0.295593E-03   0.395808E-01   0.395808E-01
   0.413622E+00   0.389430E-01   0.289545E-03   0.390211E-01   0.390211E-01
   0.416417E+00   0.387647E-01   0.289605E-03   0.384658E-01   0.384658E-01
   0.419212E+00   0.376722E-01   0.282774E-03   0.379153E-01   0.379153E-01
   0.422007E+00   0.379209E-01   0.281894E-03   0.373696E-01   0.373696E-01
   0.424801E+00   0.369741E-01   0.278482E-03   0.368289E-01   0.368289E-01
   0.427596E+00   0.367446E-01   0.273494E-03   0.362929E-01   0.362929E-01
   0.430391E+00   0.361057E-01   0.274425E-03   0.357617E-01   0.357617E-01
   0.433186E+00   0.354588E-01   0.270041E-03   0.352353E-01   0.352353E-01
   0.435980E+00   0.351170E-01   0.270447E-03   0.347141E-01   0.347141E-01
   0.438775E+00   0.340174E-01   0.260279E-03   0.341975E-01   0.341975E-01
   0.441570E+00   0.339951E-01   0.260984E-03   0.336859E-01   0.336859E-01
   0.444365E+00   0.333255E-01   0.257578E-03   0.331792E-01   0.331792E-01
   0.447159E+00   0.333057E-01   0.260128E-03   0.326776E-01   0.326776E-01
   0.449954E+00   0.325322E-01   0.252611E-03   0.321808E-01   0.321808E-01
   0.452749E+00   0.319791E-01   0.250208E-03   0.316889E-01   0.316889E-01
   0.455544E+00   0.307004E-01   0.245127E-03   0.312020E-01   0.312020E-01
   0.458338E+00   0.306324E-01   0.243934E-03   0.307203E-01   0.307203E-01
   0.461133E+00   0.302978E-01   0.241391E-03   0.302433E-01   0.302433E-01
   0.463928E+00   0.295801E-01   0.239187E-03   0.297713E-01   0.297713E-01
   0.466723E+00   0.293397E-01   0.236537E-03   0.293043E-01   0.293043E-01
   0.469517E+00   0.285303E-01   0.235257E-03   0.288424E-01   0.288424E-01
   0.472312E+00   0.286672E-01   0.234232E-03   0.283853E-01   0.283853E-01
   0.475107E+00   0.279435E-01   0.228752E-03   0.279331E-01   0.279331E-01
   0.477901E+00   0.277807E-01   0.227979E-03   0.274861E-01   0.274861E-01
   0.480696E+00   0.272384E-01   0.226307E-03   0.270439E-01   0.270439E-01
   0.483491E+00   0.271309E-01   0.227573E-03   0.266066E-01   0.266066E-01
   0.486286E+00   0.260585E-01   0.220189E-03   0.261743E-01   0.261743E-01
   0.489080E+00   0.258748E-01   0.218802E-03   0.257470E-01   0.257470E-01
   0.491875E+00   0.254848E-01   0.214994E-03   0.253245E-01   0.253245E-01
   0.494670E+00   0.247480E-01   0.214258E-03   0.249069E-01   0.249069E-01
   0.497465E+00   0.248041E-01   0.213933E-03   0.244943E-01   0.244943E-01
   0.500259E+00   0.244176E-01   0.211413E-03   0.240866E-01   0.240866E-01
   0.503054E+00   0.240870E-01   0.209107E-03   0.236836E-01   0.236836E-01
   0.505849E+00   0.237081E-01   0.208443E-03   0.232855E-01   0.232855E-01
   0.508644E+00   0.231544E-01   0.203965E-03   0.228923E-01   0.228923E-01
   0.511438E+00   0.230845E-01   0.209138E-03   0.225040E-01   0.225040E-01
   0.514233E+00   0.222628E-01   0.208825E-03   0.221203E-01   0.221203E-01
   0.517028E+00   0.222496E-01   0.211036E-03   0.217415E-01   0.217415E-01
   0.519823E+00   0.219551E-01   0.212068E-03   0.213674E-01   0.213674E-01
   0.522617E+00   0.210988E-01   0.208355E-03   0.209982E-01   0.209982E-01
   0.525412E+00   0.206459E-01   0.207503E-03   0.206336E-01   0.206336E-01
   0.528207E+00   0.201862E-01   0.206133E-03   0.202736E-01   0.202736E-01
   0.531002E+00   0.200713E-01   0.207952E-03   0.199184E-01   0.199184E-01
   0.533796E+00   0.201840E-01   0.208609E-03   0.195680E-01   0.195680E-01
   0.536591E+00   0.190704E-01   0.202109E-03   0.192220E-01   0.192220E-01
   0.539386E+00   0.187674E-01   0.204168E-03   0.188807E-01   0.188807E-01
   0.542181E+00   0.185733E-01   0.203001E-03   0.185440E-01   0.185440E-01
   0.544975E+00   0.186560E-01   0.203433E-03   0.182119E-01   0.182119E-01
   0.547770E+00   0.181483E-01   0.202911E-03   0.178843E-01   0.178843E-01
   0.550565E+00   0.178121E-01   0.193619E-03   0.175612E-01   0.175612E-01
   0.553360E+00   0.173098E-01   0.189122E-03   0.172426E-01   0.172426E-01
   0.556154E+00   0.168525E-01   0.184230E-03   0.169286E-01   0.169286E-01
   0.558949E+00   0.166865E-01   0.181700E-03   0.166189E-01   0.166189E-01
   0.561744E+00   0.164653E-01   0.179397E-03   0.163136E-01   0.163136E-01
   0.564539E+00   0.162178E-01   0.178819E-03   0.160127E-01   0.160127E-01
   0.567333E+00   0.156874E-01   0.173061E-03   0.157163E-01   0.157163E-01
   0.570128E+00   0.153361E-01   0.170495E-03   0.154241E-01   0.154241E-01
   0.572923E+00   0.151152E-01   0.167103E-03   0.151362E-01   0.151362E-01
   0.575718E+00   0.147638E-01   0.165998E-03   0.148526E-01   0.148526E-01
   0.578512E+00   0.145771E-01   0.165657E-03   0.145733E-01   0.145733E-01
   0.581307E+00   0.142583E-01   0.159857E-03   0.142982E-01   0.142982E-01
   0.584102E+00   0.141246E-01   0.161358E-03   0.140272E-01   0.140272E-01
   0.586897E+00   0.139567E-01   0.158982E-03   0.137604E-01   0.137604E-01
   0.589691E+00   0.137244E-01   0.157497E-03   0.134979E-01   0.134979E-01
   0.592486E+00   0.133154E-01   0.155433E-03   0.132393E-01   0.132393E-01
   0.595281E+00   0.129590E-01   0.152684E-03   0.129848E-01   0.129848E-01
   0.598076E+00   0.126398E-01   0.151957E-03   0.127344E-01   0.127344E-01
   0.600870E+00   0.124815E-01   0.150270E-03   0.124880E-01   0.124880E-01
   0.603665E+00   0.121292E-01   0.147552E-03   0.122456E-01   0.122456E-01
   0.606460E+00   0.121302E-01   0.148422E-03   0.120071E-01   0.120071E-01
   0.609255E+00   0.116805E-01   0.143940E-03   0.117725E-01   0.117725E-01
   0.612049E+00   0.116142E-01   0.144546E-03   0.115419E-01   0.115419E-01
   0.614844E+00   0.112735E-01   0.141504E-03   0.113151E-01   0.113151E-01
   0.617639E+00   0.110514E-01   0.140496E-03   0.110921E-01   0.110921E-01
   0.620434E+00   0.106923E-01   0.138410E-03   0.108729E-01   0.108729E-01
   0.623228E+00   0.106790E-01   0.137458E-03   0.106576E-01   0.106576E-01
   0.626023E+00   0.105193E-01   0.137352E-03   0.104459E-01   0.104459E-01
   0.628818E+00   0.996829E-02   0.132092E-03   0.102379E-01   0.102379E-01
   0.631612E+00   0.100419E-01   0.132922E-03   0.100337E-01   0.100337E-01
   0.634407E+00   0.981076E-02   0.131741E-03   0.983300E-02   0.983300E-02
   0.637202E+00   0.955934E-02   0.130461E-03   0.963595E-02   0.963595E-02
   0.639997E+00   0.933877E-02   0.128036E-03   0.944248E-02   0.944248E-02
   0.642791E+00   0.911541E-02   0.126630E-03   0.925262E-02   0.925262E-02
   0.645586E+00   0.897752E-02   0.126553E-03   0.906621E-02   0.906621E-02
   0.648381E+00   0.855898E-02   0.124306E-03   0.888328E-02   0.888328E-02
   0.651176E+00   0.861727E-02   0.123704E-03   0.870380E-02   0.870380E-02
   0.653970E+00   0.852938E-02   0.124101E-03   0.852781E-02   0.852781E-02
   0.656765E+00   0.809690E-02   0.121482E-03   0.835514E-02   0.835514E-02
   0.659560E+00   0.807007E-02   0.121625E-03   0.818582E-02   0.818582E-02
   0.662355E+00   0.787646E-02   0.120454E-03   0.801983E-02   0.801983E-02
   0.665149E+00   0.774130E-02   0.119395E-03   0.785718E-02   0.785718E-02
   0.667944E+00   0.770965E-02   0.118855E-03   0.769774E-02   0.769774E-02
   0.670739E+00   0.744623E-02   0.118251E-03   0.754152E-02   0.754152E-02
   0.673534E+00   0.734235E-02   0.117100E-03   0.738850E-02   0.738850E-02
   0.676328E+00   0.704908E-02   0.114801E-03   0.723868E-02   0.723868E-02
   0.679123E+00   0.732264E-02   0.117046E-03   0.709193E-02   0.709193E-02
   0.681918E+00   0.694434E-02   0.114194E-03   0.694829E-02   0.694829E-02
   0.684713E+00   0.667038E-02   0.113035E-03   0.680770E-02   0.680770E-02
   0.687507E+00   0.669504E-02   0.112361E-03   0.667019E-02   0.667019E-02
   0.690302E+00   0.654642E-02   0.110996E-03   0.653563E-02   0.653563E-02
   0.693097E+00   0.634857E-02   0.110915E-03   0.640402E-02   0.640402E-02
   0.695892E+00   0.607421E-02   0.108441E-03   0.627535E-02   0.627535E-02
   0.698686E+00   0.617621E-02   0.108736E-03   0.614962E-02   0.614962E-02
   0.701481E+00   0.587741E-02   0.107104E-03   0.602670E-02   0.602670E-02
   0.704276E+00   0.585643E-02   0.106436E-03   0.590661E-02   0.590661E-02
   0.707071E+00   0.571424E-02   0.106020E-03   0.578931E-02   0.578931E-02
   0.709865E+00   0.558600E-02   0.104333E-03   0.567482E-02   0.567482E-02
   0.712660E+00   0.555966E-02   0.104740E-03   0.556302E-02   0.556302E-02
   0.715455E+00   0.531340E-02   0.102691E-03   0.545390E-02   0.545390E-02
   0.718250E+00   0.549982E-02   0.103432E-03   0.534745E-02   0.534745E-02
   0.721044E+00   0.515554E-02   0.101396E-03   0.524366E-02   0.524366E-02
   0.723839E+00   0.538502E-02   0.102534E-03   0.514243E-02   0.514243E-02
   0.726634E+00   0.491975E-02   0.100041E-03   0.504375E-02   0.504375E-02
   0.729429E+00   0.482884E-02   0.996733E-04   0.494759E-02   0.494759E-02
   0.732223E+00   0.476725E-02   0.981403E-04   0.485396E-02   0.485396E-02
   0.735018E+00   0.445084E-02   0.969711E-04   0.476275E-02   0.476275E-02
   0.737813E+00   0.448585E-02   0.960195E-04   0.467396E-02   0.467396E-02
   0.740608E+00   0.456352E-02   0.970055E-04   0.458758E-02   0.458758E-02
   0.743402E+00   0.453335E-02   0.967413E-04   0.450354E-02   0.450354E-02
   0.746197E+00   0.426442E-02   0.946846E-04   0.442181E-02   0.442181E-02
   0.748992E+00   0.437969E-02   0.956094E-04   0.434236E-02   0.434236E-02
   0.751787E+00   0.434755E-02   0.943619E-04   0.426516E-02   0.426516E-02
   0.754581E+00   0.433934E-02   0.952953E-04   0.419020E-02   0.419020E-02
   0.757376E+00   0.409559E-02   0.927867E-04   0.411739E-02   0.411739E-02
   0.760171E+00   0.418497E-02   0.935615E-04   0.404672E-02   0.404672E-02
   0.762966E+00   0.383862E-02   0.912995E-04   0.397816E-02   0.397816E-02
   0.765760E+00   0.394077E-02   0.914386E-04   0.391171E-02   0.391171E-02
   0.768555E+00   0.393608E-02   0.914864E-04   0.384727E-02   0.384727E-02
   0.771350E+00   0.364881E-02   0.893533E-04   0.378483E-02   0.378483E-02
   0.774145E+00   0.372619E-02   0.901978E-04   0.372436E-02   0.372436E-02
   0.776939E+00   0.366941E-02   0.893033E-04   0.366585E-02   0.366585E-02
   0.779734E+00   0.365787E-02   0.896394E-04   0.360922E-02   0.360922E-02
   0.782529E+00   0.349124E-02   0.879838E-04   0.355445E-02   0.355445E-02
   0.785323E+00   0.349301E-02   0.879700E-04   0.350153E-02   0.350153E-02
   0.788118E+00   0.338920E-02   0.872035E-04   0.345039E-02   0.345039E-02
   0.790913E+00   0.329455E-02   0.865090E-04   0.340101E-02   0.340101E-02
   0.793708E+00   0.327698E-02   0.863385E-04   0.335336E-02   0.335336E-02
   0.796502E+00   0.328458E-02   0.866211E-04   0.330741E-02   0.330741E-02
   0.799297E+00   0.326424E-02   0.854712E-04   0.326310E-02   0.326310E-02
   0.802092E+00   0.325937E-02   0.858957E-04   0.322041E-02   0.322041E-02
   0.804887E+00   0.317192E-02   0.845373E-04   0.317931E-02   0.317931E-02
   0.807681E+00   0.315797E-02   0.848932E-04   0.313977E-02   0.313977E-02
   0.810476E+00   0.311440E-02   0.842419E-04   0.310175E-02   0.310175E-02
   0.813271E+00   0.301677E-02   0.837248E-04   0.306520E-02   0.306520E-02
   0.816066E+00   0.327636E-02   0.854911E-04   0.303010E-02   0.303010E-02
   0.818860E+00   0.297452E-02   0.828091E-04   0.299643E-02   0.299643E-02
   0.821655E+00   0.310801E-02   0.834736E-04   0.296412E-02   0.296412E-02
   0.824450E+00   0.299256E-02   0.828746E-04   0.293316E-02   0.293316E-02
   0.827245E+00   0.287129E-02   0.824024E-04   0.290352E-02   0.290352E-02
   0.830039E+00   0.287523E-02   0.819276E-04   0.287516E-02   0.287516E-02
   0.832834E+00   0.279454E-02   0.808359E-04   0.284804E-02   0.284804E-02
   0.835629E+00   0.283271E-02   0.812199E-04   0.282213E-02   0.282213E-02
   0.838424E+00   0.284693E-02   0.818731E-04   0.279739E-02   0.279739E-02
   0.841218E+00   0.270939E-02   0.820249E-04   0.277381E-02   0.277381E-02
   0.844013E+00   0.277772E-02   0.826932E-04   0.275134E-02   0.275134E-02
   0.846808E+00   0.263084E-02   0.820192E-04   0.272994E-02   0.272994E-02
   0.849603E+00   0.277458E-02   0.832049E-04   0.270959E-02   0.270959E-02
   0.852397E+00   0.272637E-02   0.834905E-04   0.269026E-02   0.269026E-02
   0.855192E+00   0.271251E-02   0.832688E-04   0.267190E-02   0.267190E-02
   0.857987E+00   0.270374E-02   0.837362E-04   0.265450E-02   0.265450E-02
   0.860782E+00   0.268942E-02   0.842041E-04   0.263801E-02   0.263801E-02
   0.863576E+00   0.264082E-02   0.837269E-04   0.262242E-02   0.262242E-02
   0.866371E+00   0.254380E-02   0.831159E-04   0.260768E-02   0.260768E-02
   0.869166E+00   0.266300E-02   0.839119E-04   0.259376E-02   0.259376E-02
   0.871961E+00   0.263141E-02   0.835082E-04   0.258064E-02   0.258064E-02
   0.874755E+00   0.255306E-02   0.838826E-04   0.256828E-02   0.256828E-02
   0.877550E+00   0.265061E-02   0.831708E-04   0.255666E-02   0.255666E-02
   0.880345E+00   0.250350E-02   0.817211E-04   0.254574E-02   0.254574E-02
   0.883140E+00   0.258594E-02   0.816042E-04   0.253550E-02   0.253550E-02
   0.885934E+00   0.273644E-02   0.816324E-04   0.252591E-02   0.252591E-02
   0.888729E+00   0.263073E-02   0.808335E-04   0.251693E-02   0.251693E-02
   0.891524E+00   0.239358E-02   0.783818E-04   0.250854E-02   0.250854E-02
   0.894319E+00   0.253264E-02   0.798014E-04   0.250072E-02   0.250072E-02
   0.897113E+00   0.242122E-02   0.782919E-04   0.249343E-02   0.249343E-02
   0.899908E+00   0.262972E-02   0.788415E-04   0.248664E-02   0.248664E-02
   0.902703E+00   0.251256E-02   0.782271E-04   0.248034E-02   0.248034E-02
   0.905498E+00   0.253467E-02   0.774098E-04   0.247449E-02   0.247449E-02
   0.908292E+00   0.247999E-02   0.779378E-04   0.246907E-02   0.246907E-02
   0.911087E+00   0.252144E-02   0.774687E-04   0.246405E-02   0.246405E-02
   0.913882E+00   0.256315E-02   0.769614E-04   0.245941E-02   0.245941E-02
   0.916677E+00   0.228041E-02   0.773798E-04   0.245512E-02   0.245512E-02
   0.919471E+00   0.252857E-02   0.798461E-04   0.245117E-02   0.245117E-02
   0.922266E+00   0.251066E-02   0.798772E-04   0.244751E-02   0.244751E-02
   0.925061E+00   0.255680E-02   0.798832E-04   0.244414E-02   0.244414E-02
   0.927856E+00   0.231285E-02   0.793958E-04   0.244103E-02   0.244103E-02
   0.930650E+00   0.246712E-02   0.809051E-04   0.243816E-02   0.243816E-02
   0.933445E+00   0.235552E-02   0.804211E-04   0.243550E-02   0.243550E-02
   0.936240E+00   0.252155E-02   0.818483E-04   0.243303E-02   0.243303E-02
   0.939034E+00   0.245117E-02   0.812006E-04   0.243074E-02   0.243074E-02
   0.941829E+00   0.250569E-02   0.821655E-04   0.242860E-02   0.242860E-02
   0.944624E+00   0.247110E-02   0.829169E-04   0.242659E-02   0.242659E-02
   0.947419E+00   0.234214E-02   0.822373E-04   0.242470E-02   0.242470E-02
   0.950213E+00   0.248181E-02   0.830486E-04   0.242290E-02   0.242290E-02
   0.953008E+00   0.247957E-02   0.834756E-04   0.242117E-02   0.242117E-02
   0.955803E+00   0.255477E-02   0.847325E-04   0.241950E-02   0.241950E-02
   0.958598E+00   0.249311E-02   0.842313E-04   0.241788E-02   0.241788E-02
   0.961392E+00   0.247545E-02   0.839506E-04   0.241628E-02   0.241628E-02
   0.964187E+00   0.236158E-02   0.837774E-04   0.241468E-02   0.241468E-02
   0.966982E+00   0.245256E-02   0.841961E-04   0.241308E-02   0.241308E-02
   0.969777E+00   0.246834E-02   0.851738E-04   0.241145E-02   0.241145E-02
   0.972571E+00   0.240889E-02   0.840894E-04   0.240979E-02   0.240979E-02
   0.975366E+00   0.251977E-02   0.855129E-04   0.240807E-02   0.240807E-02
   0.978161E+00   0.233507E-02   0.841016E-04   0.240629E-02   0.240629E-02
   0.980956E+00   0.241447E-02   0.850417E-04   0.240443E-02   0.240443E-02
   0.983750E+00   0.245500E-02   0.827513E-04   0.240247E-02   0.240247E-02
   0.986545E+00   0.230235E-02   0.803228E-04   0.240041E-02   0.240041E-02
   0.989340E+00   0.242189E-02   0.815145E-04   0.239824E-02   0.239824E-02
   0.992135E+00   0.231002E-02   0.800142E-04   0.239594E-02   0.239594E-02
   0.994929E+00   0.213883E-02   0.778445E-04   0.239350E-02   0.239350E-02
   0.997724E+00   0.230898E-02   0.787572E-04   0.239092E-02   0.239092E-02
   0.100052E+01   0.248092E-02   0.794076E-04   0.238818E-02   0.238818E-02
   0.100331E+01   0.231265E-02   0.784443E-04   0.238528E-02   0.238528E-02
   0.100611E+01   0.229406E-02   0.779757E-04   0.238219E-02   0.238219E-02
   0.100890E+01   0.233269E-02   0.774377E-04   0.237894E-02   0.237894E-02
   0.101170E+01   0.212784E-02   0.761102E-04   0.237547E-02   0.237547E-02
   0.101449E+01   0.243535E-02   0.776518E-04   0.237184E-02   0.237184E-02
   0.101729E+01   0.220659E-02   0.765858E-04   0.236798E-02   0.236798E-02
   0.102008E+01   0.233424E-02   0.764008E-04   0.236393E-02   0.236393E-02
   0.102288E+01   0.234614E-02   0.770632E-04   0.235965E-02   0.235965E-02
   0.102567E+01   0.240955E-02   0.766533E-04   0.235516E-02   0.235516E-02
   0.102847E+01   0.238401E-02   0.762744E-04   0.235044E-02   0.235044E-02
   0.103126E+01   0.219602E-02   0.750957E-04   0.234550E-02   0.234550E-02
   0.103406E+01   0.229557E-02   0.751141E-04   0.234031E-02   0.234031E-02
   0.103685E+01   0.231801E-02   0.757646E-04   0.233491E-02   0.233491E-02
   0.103965E+01   0.234266E-02   0.755048E-04   0.232925E-02   0.232925E-02
   0.104244E+01   0.227937E-02   0.747491E-04   0.232338E-02   0.232338E-02
   0.104523E+01   0.232444E-02   0.750002E-04   0.231726E-02   0.231726E-02
   0.104803E+01   0.227660E-02   0.742392E-04   0.231087E-02   0.231087E-02
   0.105082E+01   0.229289E-02   0.746296E-04   0.230427E-02   0.230427E-02
   0.105362E+01   0.228774E-02   0.737495E-04   0.229739E-02   0.229739E-02
   0.105641E+01   0.219882E-02   0.733653E-04   0.229030E-02   0.229030E-02
   0.105921E+01   0.231144E-02   0.736504E-04   0.228293E-02   0.228293E-02
   0.106200E+01   0.220810E-02   0.728849E-04   0.227535E-02   0.227535E-02
   0.106480E+01   0.232955E-02   0.736260E-04   0.226749E-02   0.226749E-02
   0.106759E+01   0.212868E-02   0.719978E-04   0.225942E-02   0.225942E-02
   0.107039E+01   0.226750E-02   0.729205E-04   0.225108E-02   0.225108E-02
   0.107318E+01   0.218716E-02   0.722300E-04   0.224254E-02   0.224254E-02
   0.107598E+01   0.217703E-02   0.716657E-04   0.223372E-02   0.223372E-02
   0.107877E+01   0.228156E-02   0.723544E-04   0.222471E-02   0.222471E-02
   0.108157E+01   0.237843E-02   0.725119E-04   0.221542E-02   0.221542E-02
   0.108436E+01   0.219316E-02   0.719566E-04   0.220594E-02   0.220594E-02
   0.108716E+01   0.225366E-02   0.720982E-04   0.219620E-02   0.219620E-02
   0.108995E+01   0.220299E-02   0.713182E-04   0.218627E-02   0.218627E-02
   0.109275E+01   0.213042E-02   0.709493E-04   0.217609E-02   0.217609E-02
   0.109554E+01   0.221739E-02   0.711051E-04   0.216574E-02   0.216574E-02
   0.109833E+01   0.214221E-02   0.709590E-04   0.215517E-02   0.215517E-02
   0.110113E+01   0.212310E-02   0.703946E-04   0.214436E-02   0.214436E-02
   0.110392E+01   0.211186E-02   0.703844E-04   0.213339E-02   0.213339E-02
   0.110672E+01   0.215503E-02   0.707652E-04   0.212219E-02   0.212219E-02
   0.110951E+01   0.197730E-02   0.692653E-04   0.211084E-02   0.211084E-02
   0.111231E+01   0.201908E-02   0.696861E-04   0.209926E-02   0.209926E-02
   0.111510E+01   0.206117E-02   0.698304E-04   0.208754E-02   0.208754E-02
   0.111790E+01   0.209906E-02   0.699583E-04   0.207561E-02   0.207561E-02
   0.112069E+01   0.210408E-02   0.700256E-04   0.206355E-02   0.206355E-02
   0.112349E+01   0.214123E-02   0.701982E-04   0.205129E-02   0.205129E-02
   0.112628E+01   0.207141E-02   0.695587E-04   0.203892E-02   0.203892E-02
   0.112908E+01   0.200659E-02   0.689428E-04   0.202635E-02   0.202635E-02
   0.113187E+01   0.197857E-02   0.687947E-04   0.201369E-02   0.201369E-02
   0.113467E+01   0.193994E-02   0.689256E-04   0.200084E-02   0.200084E-02
   0.113746E+01   0.194657E-02   0.687417E-04   0.198791E-02   0.198791E-02
   0.114026E+01   0.194851E-02   0.680039E-04   0.197481E-02   0.197481E-02
   0.114305E+01   0.199400E-02   0.686674E-04   0.196164E-02   0.196164E-02
   0.114585E+01   0.204428E-02   0.689344E-04   0.194831E-02   0.194831E-02
   0.114864E+01   0.200127E-02   0.683296E-04   0.193493E-02   0.193493E-02
   0.115144E+01   0.196431E-02   0.683317E-04   0.192140E-02   0.192140E-02
   0.115423E+01   0.194460E-02   0.676746E-04   0.190782E-02   0.190782E-02
   0.115702E+01   0.192429E-02   0.678587E-04   0.189417E-02   0.189417E-02
   0.115982E+01   0.184724E-02   0.670837E-04   0.188039E-02   0.188039E-02
   0.116261E+01   0.194897E-02   0.675456E-04   0.186659E-02   0.186659E-02
   0.116541E+01   0.184485E-02   0.671702E-04   0.185267E-02   0.185267E-02
   0.116820E+01   0.179568E-02   0.662564E-04   0.183875E-02   0.183875E-02
   0.117100E+01   0.181713E-02   0.667586E-04   0.182473E-02   0.182473E-02
   0.117379E+01   0.162035E-02   0.652383E-04   0.181071E-02   0.181071E-02
   0.117659E+01   0.190718E-02   0.668114E-04   0.179661E-02   0.179661E-02
   0.117938E+01   0.181447E-02   0.665607E-04   0.178253E-02   0.178253E-02
   0.118218E+01   0.177373E-02   0.661151E-04   0.176837E-02   0.176837E-02
   0.118497E+01   0.180415E-02   0.664893E-04   0.175425E-02   0.175425E-02
   0.118777E+01   0.179603E-02   0.657858E-04   0.174006E-02   0.174006E-02
   0.119056E+01   0.178452E-02   0.657996E-04   0.172592E-02   0.172592E-02
   0.119336E+01   0.176620E-02   0.658434E-04   0.171173E-02   0.171173E-02
   0.119615E+01   0.171849E-02   0.653270E-04   0.169760E-02   0.169760E-02
   0.119895E+01   0.162991E-02   0.649211E-04   0.168342E-02   0.168342E-02
   0.120174E+01   0.159368E-02   0.643310E-04   0.166932E-02   0.166932E-02
   0.120454E+01   0.166755E-02   0.647642E-04   0.165519E-02   0.165519E-02
   0.120733E+01   0.163687E-02   0.643527E-04   0.164114E-02   0.164114E-02
   0.121012E+01   0.173086E-02   0.648620E-04   0.162713E-02   0.162713E-02
   0.121292E+01   0.160825E-02   0.640968E-04   0.161310E-02   0.161310E-02
   0.121571E+01   0.158215E-02   0.640452E-04   0.159918E-02   0.159918E-02
   0.121851E+01   0.154485E-02   0.636253E-04   0.158525E-02   0.158525E-02
   0.122130E+01   0.155244E-02   0.634979E-04   0.157142E-02   0.157142E-02
   0.122410E+01   0.153910E-02   0.634693E-04   0.155761E-02   0.155761E-02
   0.122689E+01   0.154506E-02   0.633788E-04   0.154391E-02   0.154391E-02
   0.122969E+01   0.152216E-02   0.635111E-04   0.153023E-02   0.153023E-02
   0.123248E+01   0.153056E-02   0.630398E-04   0.151667E-02   0.151667E-02
   0.123528E+01   0.156268E-02   0.631136E-04   0.150315E-02   0.150315E-02
   0.123807E+01   0.152449E-02   0.633060E-04   0.148975E-02   0.148975E-02
   0.124087E+01   0.137193E-02   0.620515E-04   0.147639E-02   0.147639E-02
   0.124366E+01   0.141359E-02   0.620302E-04   0.146316E-02   0.146316E-02
   0.124646E+01   0.143478E-02   0.622700E-04   0.144998E-02   0.144998E-02
   0.124925E+01   0.148062E-02   0.620524E-04   0.143694E-02   0.143694E-02
   0.125205E+01   0.150603E-02   0.626812E-04   0.142395E-02   0.142395E-02
   0.125484E+01   0.141155E-02   0.615017E-04   0.141112E-02   0.141112E-02
   0.125764E+01   0.136565E-02   0.612756E-04   0.139833E-02   0.139833E-02
   0.126043E+01   0.145419E-02   0.617812E-04   0.138571E-02   0.138571E-02
   0.126322E+01   0.141742E-02   0.616849E-04   0.137319E-02   0.137319E-02
   0.126602E+01   0.145998E-02   0.614765E-04   0.136074E-02   0.136074E-02
   0.126881E+01   0.133151E-02   0.604398E-04   0.134844E-02   0.134844E-02
   0.127161E+01   0.130034E-02   0.605323E-04   0.133622E-02   0.133622E-02
   0.127440E+01   0.146200E-02   0.615539E-04   0.132416E-02   0.132416E-02
   0.127720E+01   0.136746E-02   0.609182E-04   0.131218E-02   0.131218E-02
   0.127999E+01   0.133521E-02   0.604035E-04   0.130035E-02   0.130035E-02
   0.128279E+01   0.129313E-02   0.601429E-04   0.128862E-02   0.128862E-02
   0.128558E+01   0.134233E-02   0.604747E-04   0.127704E-02   0.127704E-02
   0.128838E+01   0.131022E-02   0.604297E-04   0.126555E-02   0.126555E-02
   0.129117E+01   0.122959E-02   0.596653E-04   0.125423E-02   0.125423E-02
   0.129397E+01   0.124753E-02   0.598805E-04   0.124299E-02   0.124299E-02
   0.129676E+01   0.123341E-02   0.598972E-04   0.123192E-02   0.123192E-02
   0.129956E+01   0.130357E-02   0.601810E-04   0.122094E-02   0.122094E-02
   0.130235E+01   0.120270E-02   0.594127E-04   0.121013E-02   0.121013E-02
   0.130515E+01   0.115116E-02   0.590751E-04   0.119940E-02   0.119940E-02
   0.130794E+01   0.118218E-02   0.595709E-04   0.118884E-02   0.118884E-02
   0.131074E+01   0.120716E-02   0.596088E-04   0.117837E-02   0.117837E-02
   0.131353E+01   0.118410E-02   0.595012E-04   0.116807E-02   0.116807E-02
   0.131633E+01   0.111211E-02   0.588446E-04   0.115786E-02   0.115786E-02
   0.131912E+01   0.109326E-02   0.585153E-04   0.114781E-02   0.114781E-02
   0.132191E+01   0.121848E-02   0.594322E-04   0.113790E-02   0.113790E-02
   0.132471E+01   0.122568E-02   0.595614E-04   0.112807E-02   0.112807E-02
   0.132750E+01   0.114800E-02   0.590196E-04   0.111840E-02   0.111840E-02
   0.133030E+01   0.112627E-02   0.586733E-04   0.110883E-02   0.110883E-02
   0.133309E+01   0.117335E-02   0.589170E-04   0.109941E-02   0.109941E-02
   0.133589E+01   0.106211E-02   0.585634E-04   0.109009E-02   0.109009E-02
   0.133868E+01   0.109725E-02   0.583728E-04   0.108092E-02   0.108092E-02
   0.134148E+01   0.104123E-02   0.579721E-04   0.107184E-02   0.107184E-02
   0.134427E+01   0.102517E-02   0.578627E-04   0.106291E-02   0.106291E-02
   0.134707E+01   0.102818E-02   0.579315E-04   0.105407E-02   0.105407E-02
   0.134986E+01   0.110435E-02   0.583242E-04   0.104538E-02   0.104538E-02
   0.135266E+01   0.110805E-02   0.580240E-04   0.103678E-02   0.103678E-02
   0.135545E+01   0.101886E-02   0.576885E-04   0.102832E-02   0.102832E-02
   0.135825E+01   0.100955E-02   0.576876E-04   0.101995E-02   0.101995E-02
   0.136104E+01   0.965709E-03   0.571397E-04   0.101172E-02   0.101172E-02
   0.136384E+01   0.100924E-02   0.572346E-04   0.100358E-02   0.100358E-02
   0.136663E+01   0.986535E-03   0.573729E-04   0.995568E-03   0.995568E-03
   0.136943E+01   0.896176E-03   0.566625E-04   0.987639E-03   0.987639E-03
   0.137222E+01   0.927748E-03   0.567833E-04   0.979846E-03   0.979846E-03
   0.137501E+01   0.919666E-03   0.567949E-04   0.972157E-03   0.972157E-03
   0.137781E+01   0.979378E-03   0.570256E-04   0.964545E-03   0.964545E-03
   0.138060E+01   0.101094E-02   0.572167E-04   0.957060E-03   0.957060E-03
   0.138340E+01   0.955512E-03   0.569568E-04   0.949651E-03   0.949651E-03
   0.138619E+01   0.868804E-03   0.562278E-04   0.942366E-03   0.942366E-03
   0.138899E+01   0.940498E-03   0.563915E-04   0.935152E-03   0.935152E-03
   0.139178E+01   0.900122E-03   0.564343E-04   0.928059E-03   0.928059E-03
   0.139458E+01   0.978224E-03   0.571005E-04   0.921035E-03   0.921035E-03
   0.139737E+01   0.950095E-03   0.562213E-04   0.914127E-03   0.914127E-03
   0.140017E+01   0.898668E-03   0.561149E-04   0.907285E-03   0.907285E-03
   0.140296E+01   0.825975E-03   0.556707E-04   0.900556E-03   0.900556E-03
   0.140576E+01   0.785798E-03   0.555399E-04   0.893890E-03   0.893890E-03
   0.140855E+01   0.958780E-03   0.562611E-04   0.887334E-03   0.887334E-03
   0.141135E+01   0.892990E-03   0.560457E-04   0.880838E-03   0.880838E-03
   0.141414E+01   0.886344E-03   0.557787E-04   0.874452E-03   0.874452E-03
   0.141694E+01   0.836067E-03   0.556749E-04   0.868115E-03   0.868115E-03
   0.141973E+01   0.793732E-03   0.552160E-04   0.861885E-03   0.861885E-03
   0.142253E+01   0.783834E-03   0.551815E-04   0.855711E-03   0.855711E-03
   0.142532E+01   0.837706E-03   0.551588E-04   0.849635E-03   0.849635E-03
   0.142811E+01   0.835844E-03   0.558349E-04   0.843634E-03   0.843634E-03
   0.143091E+01   0.779510E-03   0.549941E-04   0.837685E-03   0.837685E-03
   0.143370E+01   0.833543E-03   0.551217E-04   0.831831E-03   0.831831E-03
   0.143650E+01   0.811207E-03   0.549847E-04   0.826027E-03   0.826027E-03
   0.143929E+01   0.765666E-03   0.545321E-04   0.820313E-03   0.820313E-03
   0.144209E+01   0.841964E-03   0.553315E-04   0.814649E-03   0.814649E-03
   0.144488E+01   0.834038E-03   0.547746E-04   0.809072E-03   0.809072E-03
   0.144768E+01   0.837533E-03   0.551738E-04   0.803542E-03   0.803542E-03
   0.145047E+01   0.677556E-03   0.536711E-04   0.798098E-03   0.798098E-03
   0.145327E+01   0.756771E-03   0.544814E-04   0.792699E-03   0.792699E-03
   0.145606E+01   0.770286E-03   0.545214E-04   0.787383E-03   0.787383E-03
   0.145886E+01   0.767770E-03   0.538465E-04   0.782112E-03   0.782112E-03
   0.146165E+01   0.815653E-03   0.547749E-04   0.776921E-03   0.776921E-03
   0.146445E+01   0.771630E-03   0.544716E-04   0.771773E-03   0.771773E-03
   0.146724E+01   0.851242E-03   0.545899E-04   0.766705E-03   0.766705E-03
   0.147004E+01   0.832099E-03   0.543975E-04   0.761678E-03   0.761678E-03
   0.147283E+01   0.664429E-03   0.531195E-04   0.756730E-03   0.756730E-03
   0.147563E+01   0.785132E-03   0.544198E-04   0.751822E-03   0.751822E-03
   0.147842E+01   0.760762E-03   0.539633E-04   0.746990E-03   0.746990E-03
   0.148122E+01   0.804673E-03   0.539281E-04   0.742210E-03   0.742210E-03
   0.148401E+01   0.677056E-03   0.532264E-04   0.737478E-03   0.737478E-03
   0.148680E+01   0.736778E-03   0.535076E-04   0.732822E-03   0.732822E-03
   0.148960E+01   0.723176E-03   0.537157E-04   0.728203E-03   0.728203E-03
   0.149239E+01   0.758373E-03   0.536671E-04   0.723657E-03   0.723657E-03
   0.149519E+01   0.790775E-03   0.537606E-04   0.719151E-03   0.719151E-03
   0.149798E+01   0.788495E-03   0.537563E-04   0.714717E-03   0.714717E-03
   0.150078E+01   0.614577E-03   0.524096E-04   0.710323E-03   0.710323E-03
   0.150357E+01   0.754909E-03   0.534139E-04   0.706001E-03   0.706001E-03
   0.150637E+01   0.634566E-03   0.525739E-04   0.701719E-03   0.701719E-03
   0.150916E+01   0.657058E-03   0.539598E-04   0.697508E-03   0.697508E-03
   0.151196E+01   0.717490E-03   0.549251E-04   0.693338E-03   0.693338E-03
   0.151475E+01   0.617436E-03   0.541160E-04   0.689239E-03   0.689239E-03
   0.151755E+01   0.764460E-03   0.556337E-04   0.685180E-03   0.685180E-03
   0.152034E+01   0.622421E-03   0.547815E-04   0.681193E-03   0.681193E-03
   0.152314E+01   0.677248E-03   0.556761E-04   0.677247E-03   0.677247E-03
   0.152593E+01   0.671964E-03   0.558999E-04   0.673372E-03   0.673372E-03
   0.152873E+01   0.604100E-03   0.552565E-04   0.669539E-03   0.669539E-03
   0.153152E+01   0.609768E-03   0.557940E-04   0.665776E-03   0.665776E-03
   0.153432E+01   0.540204E-03   0.552351E-04   0.662057E-03   0.662057E-03
   0.153711E+01   0.624240E-03   0.564385E-04   0.658408E-03   0.658408E-03
   0.153990E+01   0.577398E-03   0.559774E-04   0.654816E-03   0.654816E-03
   0.154270E+01   0.668658E-03   0.567533E-04   0.651268E-03   0.651268E-03
   0.154549E+01   0.655408E-03   0.566260E-04   0.647791E-03   0.647791E-03
   0.154829E+01   0.528398E-03   0.562118E-04   0.644359E-03   0.644359E-03
   0.155108E+01   0.597788E-03   0.566197E-04   0.641000E-03   0.641000E-03
   0.155388E+01   0.668112E-03   0.569730E-04   0.637685E-03   0.637685E-03
   0.155667E+01   0.637919E-03   0.574818E-04   0.634441E-03   0.634441E-03
   0.155947E+01   0.653909E-03   0.573683E-04   0.631245E-03   0.631245E-03
   0.156226E+01   0.669548E-03   0.576902E-04   0.628119E-03   0.628119E-03
   0.156506E+01   0.632372E-03   0.574123E-04   0.625042E-03   0.625042E-03
   0.156785E+01   0.607173E-03   0.574980E-04   0.622035E-03   0.622035E-03
   0.157065E+01   0.575493E-03   0.576802E-04   0.619078E-03   0.619078E-03
   0.157344E+01   0.660015E-03   0.579334E-04   0.616191E-03   0.616191E-03
   0.157624E+01   0.569263E-03   0.561933E-04   0.613355E-03   0.613355E-03
   0.157903E+01   0.511230E-03   0.551324E-04   0.610589E-03   0.610589E-03
   0.158183E+01   0.601094E-03   0.554754E-04   0.607874E-03   0.607874E-03
   0.158462E+01   0.596151E-03   0.553219E-04   0.605230E-03   0.605230E-03
   0.158742E+01   0.581235E-03   0.545993E-04   0.602637E-03   0.602637E-03
   0.159021E+01   0.605798E-03   0.547661E-04   0.600114E-03   0.600114E-03
   0.159300E+01   0.670732E-03   0.547435E-04   0.597652E-03   0.597652E-03
   0.159580E+01   0.474900E-03   0.536986E-04   0.595243E-03   0.595243E-03
   0.159859E+01   0.667166E-03   0.541302E-04   0.592903E-03   0.592903E-03
   0.160139E+01   0.639536E-03   0.538029E-04   0.590616E-03   0.590616E-03
   0.160418E+01   0.614370E-03   0.537917E-04   0.588398E-03   0.588398E-03
   0.160698E+01   0.584012E-03   0.535999E-04   0.586233E-03   0.586233E-03
   0.160977E+01   0.582488E-03   0.532475E-04   0.584136E-03   0.584136E-03
   0.161257E+01   0.563891E-03   0.529005E-04   0.582092E-03   0.582092E-03
   0.161536E+01   0.572630E-03   0.529113E-04   0.580111E-03   0.580111E-03
   0.161816E+01   0.605648E-03   0.531602E-04   0.578201E-03   0.578201E-03
   0.162095E+01   0.611613E-03   0.531944E-04   0.576335E-03   0.576335E-03
   0.162375E+01   0.702332E-03   0.536395E-04   0.574531E-03   0.574531E-03
   0.162654E+01   0.580016E-03   0.526127E-04   0.572792E-03   0.572792E-03
   0.162934E+01   0.534465E-03   0.521161E-04   0.571104E-03   0.571104E-03
   0.163213E+01   0.546247E-03   0.524796E-04   0.569481E-03   0.569481E-03
   0.163493E+01   0.676826E-03   0.526004E-04   0.567909E-03   0.567909E-03
   0.163772E+01   0.720429E-03   0.530870E-04   0.566399E-03   0.566399E-03
   0.164052E+01   0.551589E-03   0.520657E-04   0.564940E-03   0.564940E-03
   0.164331E+01   0.517467E-03   0.520759E-04   0.563542E-03   0.563542E-03
   0.164611E+01   0.574122E-03   0.518867E-04   0.562193E-03   0.562193E-03
   0.164890E+01   0.600136E-03   0.517062E-04   0.560902E-03   0.560902E-03
   0.165169E+01   0.524166E-03   0.515663E-04   0.559663E-03   0.559663E-03
   0.165449E+01   0.565317E-03   0.519915E-04   0.558474E-03   0.558474E-03
   0.165728E+01   0.530309E-03   0.517610E-04   0.557339E-03   0.557339E-03
   0.166008E+01   0.509477E-03   0.513368E-04   0.556249E-03   0.556249E-03
   0.166287E+01   0.604046E-03   0.518096E-04   0.555213E-03   0.555213E-03
   0.166567E+01   0.620832E-03   0.520997E-04   0.554221E-03   0.554221E-03
   0.166846E+01   0.610620E-03   0.519308E-04   0.553279E-03   0.553279E-03
   0.167126E+01   0.618931E-03   0.519320E-04   0.552379E-03   0.552379E-03
   0.167405E+01   0.617704E-03   0.516825E-04   0.551527E-03   0.551527E-03
   0.167685E+01   0.535388E-03   0.513928E-04   0.550715E-03   0.550715E-03
   0.167964E+01   0.461349E-03   0.508111E-04   0.549947E-03   0.549947E-03
   0.168244E+01   0.559220E-03   0.510860E-04   0.549216E-03   0.549216E-03
   0.168523E+01   0.640998E-03   0.518361E-04   0.548528E-03   0.548528E-03
   0.168803E+01   0.584283E-03   0.511212E-04   0.547876E-03   0.547876E-03
   0.169082E+01   0.571949E-03   0.516176E-04   0.547262E-03   0.547262E-03
   0.169362E+01   0.592857E-03   0.512115E-04   0.546679E-03   0.546679E-03
   0.169641E+01   0.536232E-03   0.507651E-04   0.546132E-03   0.546132E-03
   0.169921E+01   0.578669E-03   0.510651E-04   0.545615E-03   0.545615E-03
   0.170200E+01   0.508485E-03   0.504930E-04   0.545129E-03   0.545129E-03
   0.170479E+01   0.548329E-03   0.511318E-04   0.544671E-03   0.544671E-03
   0.170759E+01   0.530165E-03   0.504275E-04   0.544238E-03   0.544238E-03
   0.171038E+01   0.506637E-03   0.504467E-04   0.543832E-03   0.543832E-03
   0.171318E+01   0.608683E-03   0.510298E-04   0.543448E-03   0.543448E-03
   0.171597E+01   0.453921E-03   0.498152E-04   0.543086E-03   0.543086E-03
   0.171877E+01   0.503753E-03   0.502365E-04   0.542746E-03   0.542746E-03
   0.172156E+01   0.586914E-03   0.505705E-04   0.542420E-03   0.542420E-03
   0.172436E+01   0.541775E-03   0.506556E-04   0.542111E-03   0.542111E-03
   0.172715E+01   0.561230E-03   0.504400E-04   0.541818E-03   0.541818E-03
   0.172995E+01   0.533939E-03   0.498988E-04   0.541536E-03   0.541536E-03
   0.173274E+01   0.559034E-03   0.500774E-04   0.541267E-03   0.541267E-03
   0.173554E+01   0.503832E-03   0.496977E-04   0.541005E-03   0.541005E-03
   0.173833E+01   0.560921E-03   0.500936E-04   0.540752E-03   0.540752E-03
   0.174113E+01   0.461127E-03   0.494233E-04   0.540503E-03   0.540503E-03
   0.174392E+01   0.541334E-03   0.494488E-04   0.540259E-03   0.540259E-03
   0.174672E+01   0.453566E-03   0.493702E-04   0.540015E-03   0.540015E-03
   0.174951E+01   0.514898E-03   0.490984E-04   0.539772E-03   0.539772E-03
   0.175231E+01   0.562951E-03   0.498329E-04   0.539527E-03   0.539527E-03
   0.175510E+01   0.556023E-03   0.495488E-04   0.539280E-03   0.539280E-03
   0.175789E+01   0.500493E-03   0.491967E-04   0.539027E-03   0.539027E-03
   0.176069E+01   0.546651E-03   0.494130E-04   0.538766E-03   0.538766E-03
   0.176348E+01   0.523714E-03   0.491614E-04   0.538498E-03   0.538498E-03

           ####      Real Space Data                               ####

           Distance distribution  function of particle  


      R          P(R)      ERROR

  0.0000E+00  0.0000E+00  0.0000E+00
  0.7953E-01  0.1117E-04  0.3237E-06
  0.1591E+00  0.2374E-04  0.5845E-06
  0.2386E+00  0.3772E-04  0.7839E-06
  0.3181E+00  0.5307E-04  0.9240E-06
  0.3976E+00  0.6978E-04  0.1008E-05
  0.4772E+00  0.8783E-04  0.1038E-05
  0.5567E+00  0.1072E-03  0.1021E-05
  0.6362E+00  0.1277E-03  0.9602E-06
  0.7158E+00  0.1495E-03  0.8626E-06
  0.7953E+00  0.1725E-03  0.7353E-06
  0.8748E+00  0.1965E-03  0.5886E-06
  0.9543E+00  0.2216E-03  0.4393E-06
  0.1034E+01  0.2477E-03  0.3266E-06
  0.1113E+01  0.2746E-03  0.3244E-06
  0.1193E+01  0.3024E-03  0.4438E-06
  0.1272E+01  0.3309E-03  0.6164E-06
  0.1352E+01  0.3601E-03  0.8017E-06
  0.1432E+01  0.3899E-03  0.9827E-06
  0.1511E+01  0.4203E-03  0.1150E-05
  0.1591E+01  0.4511E-03  0.1298E-05
  0.1670E+01  0.4822E-03  0.1423E-05
  0.1750E+01  0.5136E-03  0.1520E-05
  0.1829E+01  0.5452E-03  0.1589E-05
  0.1909E+01  0.5770E-03  0.1626E-05
  0.1988E+01  0.6088E-03  0.1633E-05
  0.2068E+01  0.6405E-03  0.1609E-05
  0.2147E+01  0.6722E-03  0.1556E-05
  0.2227E+01  0.7037E-03  0.1477E-05
  0.2306E+01  0.7350E-03  0.1375E-05
  0.2386E+01  0.7660E-03  0.1256E-05
  0.2465E+01  0.7966E-03  0.1128E-05
  0.2545E+01  0.8269E-03  0.1000E-05
  0.2624E+01  0.8566E-03  0.8889E-06
  0.2704E+01  0.8859E-03  0.8136E-06
  0.2784E+01  0.9146E-03  0.7934E-06
  0.2863E+01  0.9427E-03  0.8361E-06
  0.2943E+01  0.9702E-03  0.9318E-06
  0.3022E+01  0.9971E-03  0.1062E-05
  0.3102E+01  0.1023E-02  0.1207E-05
  0.3181E+01  0.1049E-02  0.1355E-05
  0.3261E+01  0.1073E-02  0.1495E-05
  0.3340E+01  0.1097E-02  0.1621E-05
  0.3420E+01  0.1120E-02  0.1727E-05
  0.3499E+01  0.1143E-02  0.1810E-05
  0.3579E+01  0.1164E-02  0.1868E-05
  0.3658E+01  0.1185E-02  0.1899E-05
  0.3738E+01  0.1205E-02  0.1903E-05
  0.3817E+01  0.1224E-02  0.1882E-05
  0.3897E+01  0.1243E-02  0.1836E-05
  0.3976E+01  0.1260E-02  0.1769E-05
  0.4056E+01  0.1277E-02  0.1685E-05
  0.4135E+01  0.1293E-02  0.1589E-05
  0.4215E+01  0.1308E-02  0.1490E-05
  0.4295E+01  0.1322E-02  0.1397E-05
  0.4374E+01  0.1336E-02  0.1320E-05
  0.4454E+01  0.1349E-02  0.1270E-05
  0.4533E+01  0.1360E-02  0.1257E-05
  0.4613E+01  0.1371E-02  0.1284E-05
  0.4692E+01  0.1382E-02  0.1349E-05
  0.4772E+01  0.1391E-02  0.1444E-05
  0.4851E+01  0.1399E-02  0.1557E-05
  0.4931E+01  0.1407E-02  0.1680E-05
  0.5010E+01  0.1414E-02  0.1803E-05
  0.5090E+01  0.1419E-02  0.1919E-05
  0.5169E+01  0.1424E-02  0.2023E-05
  0.5249E+01  0.1428E-02  0.2110E-05
  0.5328E+01  0.1432E-02  0.2178E-05
  0.5408E+01  0.1434E-02  0.2225E-05
  0.5487E+01  0.1435E-02  0.2250E-05
  0.5567E+01  0.1435E-02  0.2253E-05
  0.5647E+01  0.1434E-02  0.2237E-05
  0.5726E+01  0.1432E-02  0.2203E-05
  0.5806E+01  0.1430E-02  0.2156E-05
  0.5885E+01  0.1426E-02  0.2098E-05
  0.5965E+01  0.1420E-02  0.2036E-05
  0.6044E+01  0.1414E-02  0.1974E-05
  0.6124E+01  0.1407E-02  0.1920E-05
  0.6203E+01  0.1398E-02  0.1877E-05
  0.6283E+01  0.1389E-02  0.1852E-05
  0.6362E+01  0.1378E-02  0.1848E-05
  0.6442E+01  0.1366E-02  0.1863E-05
  0.6521E+01  0.1353E-02  0.1898E-05
  0.6601E+01  0.1338E-02  0.1948E-05
  0.6680E+01  0.1322E-02  0.2008E-05
  0.6760E+01  0.1306E-02  0.2072E-05
  0.6839E+01  0.1288E-02  0.2136E-05
  0.6919E+01  0.1268E-02  0.2195E-05
  0.6999E+01  0.1248E-02  0.2244E-05
  0.7078E+01  0.1227E-02  0.2282E-05
  0.7158E+01  0.1204E-02  0.2307E-05
  0.7237E+01  0.1180E-02  0.2317E-05
  0.7317E+01  0.1156E-02  0.2314E-05
  0.7396E+01  0.1130E-02  0.2299E-05
  0.7476E+01  0.1104E-02  0.2274E-05
  0.7555E+01  0.1076E-02  0.2243E-05
  0.7635E+01  0.1048E-02  0.2210E-05
  0.7714E+01  0.1019E-02  0.2179E-05
  0.7794E+01  0.9898E-03  0.2156E-05
  0.7873E+01  0.9598E-03  0.2144E-05
  0.7953E+01  0.9293E-03  0.2147E-05
  0.8032E+01  0.8985E-03  0.2167E-05
  0.8112E+01  0.8673E-03  0.2203E-05
  0.8191E+01  0.8360E-03  0.2254E-05
  0.8271E+01  0.8045E-03  0.2317E-05
  0.8351E+01  0.7731E-03  0.2388E-05
  0.8430E+01  0.7417E-03  0.2462E-05
  0.8510E+01  0.7105E-03  0.2535E-05
  0.8589E+01  0.6797E-03  0.2603E-05
  0.8669E+01  0.6492E-03  0.2662E-05
  0.8748E+01  0.6191E-03  0.2709E-05
  0.8828E+01  0.5897E-03  0.2744E-05
  0.8907E+01  0.5608E-03  0.2765E-05
  0.8987E+01  0.5328E-03  0.2773E-05
  0.9066E+01  0.5055E-03  0.2768E-05
  0.9146E+01  0.4790E-03  0.2753E-05
  0.9225E+01  0.4536E-03  0.2732E-05
  0.9305E+01  0.4291E-03  0.2709E-05
  0.9384E+01  0.4056E-03  0.2687E-05
  0.9464E+01  0.3832E-03  0.2673E-05
  0.9543E+01  0.3619E-03  0.2671E-05
  0.9623E+01  0.3418E-03  0.2685E-05
  0.9703E+01  0.3228E-03  0.2718E-05
  0.9782E+01  0.3049E-03  0.2771E-05
  0.9862E+01  0.2882E-03  0.2843E-05
  0.9941E+01  0.2726E-03  0.2931E-05
  0.1002E+02  0.2582E-03  0.3033E-05
  0.1010E+02  0.2448E-03  0.3144E-05
  0.1018E+02  0.2326E-03  0.3258E-05
  0.1026E+02  0.2213E-03  0.3371E-05
  0.1034E+02  0.2110E-03  0.3478E-05
  0.1042E+02  0.2017E-03  0.3576E-05
  0.1050E+02  0.1932E-03  0.3659E-05
  0.1058E+02  0.1856E-03  0.3727E-05
  0.1066E+02  0.1787E-03  0.3776E-05
  0.1074E+02  0.1724E-03  0.3806E-05
  0.1082E+02  0.1668E-03  0.3815E-05
  0.1090E+02  0.1618E-03  0.3805E-05
  0.1097E+02  0.1572E-03  0.3775E-05
  0.1105E+02  0.1530E-03  0.3727E-05
  0.1113E+02  0.1492E-03  0.3663E-05
  0.1121E+02  0.1457E-03  0.3586E-05
  0.1129E+02  0.1424E-03  0.3498E-05
  0.1137E+02  0.1393E-03  0.3403E-05
  0.1145E+02  0.1364E-03  0.3305E-05
  0.1153E+02  0.1335E-03  0.3207E-05
  0.1161E+02  0.1307E-03  0.3113E-05
  0.1169E+02  0.1279E-03  0.3027E-05
  0.1177E+02  0.1251E-03  0.2952E-05
  0.1185E+02  0.1223E-03  0.2891E-05
  0.1193E+02  0.1195E-03  0.2846E-05
  0.1201E+02  0.1166E-03  0.2818E-05
  0.1209E+02  0.1138E-03  0.2809E-05
  0.1217E+02  0.1109E-03  0.2817E-05
  0.1225E+02  0.1080E-03  0.2842E-05
  0.1233E+02  0.1051E-03  0.2882E-05
  0.1241E+02  0.1023E-03  0.2935E-05
  0.1249E+02  0.9949E-04  0.2999E-05
  0.1257E+02  0.9682E-04  0.3071E-05
  0.1265E+02  0.9427E-04  0.3150E-05
  0.1272E+02  0.9187E-04  0.3232E-05
  0.1280E+02  0.8967E-04  0.3316E-05
  0.1288E+02  0.8768E-04  0.3399E-05
  0.1296E+02  0.8594E-04  0.3481E-05
  0.1304E+02  0.8446E-04  0.3559E-05
  0.1312E+02  0.8327E-04  0.3633E-05
  0.1320E+02  0.8238E-04  0.3703E-05
  0.1328E+02  0.8179E-04  0.3768E-05
  0.1336E+02  0.8150E-04  0.3829E-05
  0.1344E+02  0.8151E-04  0.3889E-05
  0.1352E+02  0.8178E-04  0.3947E-05
  0.1360E+02  0.8229E-04  0.4008E-05
  0.1368E+02  0.8300E-04  0.4074E-05
  0.1376E+02  0.8385E-04  0.4147E-05
  0.1384E+02  0.8478E-04  0.4229E-05
  0.1392E+02  0.8572E-04  0.4321E-05
  0.1400E+02  0.8657E-04  0.4422E-05
  0.1408E+02  0.8724E-04  0.4528E-05
  0.1416E+02  0.8762E-04  0.4634E-05
  0.1424E+02  0.8759E-04  0.4733E-05
  0.1432E+02  0.8700E-04  0.4814E-05
  0.1439E+02  0.8574E-04  0.4866E-05
  0.1447E+02  0.8363E-04  0.4873E-05
  0.1455E+02  0.8054E-04  0.4821E-05
  0.1463E+02  0.7630E-04  0.4691E-05
  0.1471E+02  0.7073E-04  0.4466E-05
  0.1479E+02  0.6367E-04  0.4127E-05
  0.1487E+02  0.5496E-04  0.3652E-05
  0.1495E+02  0.4440E-04  0.3023E-05
  0.1503E+02  0.3183E-04  0.2218E-05
  0.1511E+02  0.1709E-04  0.1218E-05
  0.1519E+02  0.0000E+00  0.0000E+00
