
           ####      G N O M             Version 5.0 (r12736)      ####
                                               Tue Jul 27 17:38:35 2021

           ####      Configuration                                 ####

    System Type:                   arbitrary monodisperse (job = 0)
    Minimum characteristic size:         0.0000
    Maximum characteristic size:       160.0000
    rad56:                               0.0000
    Force 0.0 at r = rmin:                  yes
    Force 0.0 at r = rmax:                  yes
    Initial alpha:                       0.0000
    Initial random seed:     409691244037148644
    Points in real space:                    82

    Input  1:                      D:/Maxim/Mic9/mic9_mer2.dat
    First data point used:                    1
    Last data point used:                   107
    Scaling coefficient:             0.1000E+01
    Experimental setup:            point collimation



           ####      Results                                       ####

    Parameter    DISCRP  OSCILL  STABIL  SYSDEV  POSITV  VALCEN  SMOOTH
    Weight        1.000   3.000   3.000   3.000   1.000   1.000   1.000
    Sigma         0.300   0.600   0.120   0.120   0.120   0.120   0.600
    Ideal         0.700   1.100   0.000   1.000   1.000   0.950   0.000
    Current       0.837   1.329   0.004   0.906   1.000   0.871   0.848
               --------------------------------------------------------
    Estimate      0.811   0.864   0.999   1.000   1.000   0.650   0.135

    Angular range:                       0.0164 to       0.1746
    Reciprocal space Rg:             0.4813E+02
    Reciprocal space I(0):           0.2659E+03

    Real space range:                    0.0000 to     160.0000
    Real space Rg:                   0.4828E+02 +-   0.1970E+00
    Real space I(0):                 0.2659E+03 +-   0.9129E+00

    Highest ALPHA (theor):           0.1843E+07
    Current ALPHA:                   0.7341E+01

    Total Estimate:                      0.8605 (a GOOD solution)



           ####      Experimental Data and Fit                     ####

      S          J EXP       ERROR       J REG       I REG

   0.000000E+00                                                0.265888E+03
   0.205564E-02                                                0.265016E+03
   0.411128E-02                                                0.262421E+03
   0.616691E-02                                                0.258157E+03
   0.822255E-02                                                0.252317E+03
   0.102782E-01                                                0.245025E+03
   0.123338E-01                                                0.236431E+03
   0.143895E-01                                                0.226710E+03
   0.164451E-01   0.214649E+03   0.845223E+00   0.216052E+03   0.216052E+03
   0.185621E-01   0.204237E+03   0.754155E+00   0.204310E+03   0.204310E+03
   0.206792E-01   0.192820E+03   0.690058E+00   0.192012E+03   0.192012E+03
   0.227962E-01   0.180946E+03   0.643322E+00   0.179381E+03   0.179381E+03
   0.249132E-01   0.166751E+03   0.601374E+00   0.166629E+03   0.166629E+03
   0.270303E-01   0.152739E+03   0.565705E+00   0.153954E+03   0.153954E+03
   0.291474E-01   0.141500E+03   0.540225E+00   0.141536E+03   0.141536E+03
   0.312644E-01   0.129008E+03   0.513640E+00   0.129529E+03   0.129529E+03
   0.333815E-01   0.118801E+03   0.491589E+00   0.118062E+03   0.118062E+03
   0.354985E-01   0.106660E+03   0.467231E+00   0.107238E+03   0.107238E+03
   0.376155E-01   0.979680E+02   0.448237E+00   0.971291E+02   0.971291E+02
   0.397326E-01   0.877638E+02   0.429086E+00   0.877837E+02   0.877837E+02
   0.415482E-01   0.805680E+02   0.365177E+00   0.803957E+02   0.803957E+02
   0.426670E-01   0.770334E+02   0.301154E+00   0.761325E+02   0.761325E+02
   0.436741E-01   0.726794E+02   0.350428E+00   0.724822E+02   0.724822E+02
   0.448017E-01   0.686194E+02   0.288388E+00   0.686031E+02   0.686031E+02
   0.460936E-01   0.641977E+02   0.311128E+00   0.644232E+02   0.644232E+02
   0.471126E-01   0.612732E+02   0.276795E+00   0.613204E+02   0.613204E+02
   0.482783E-01   0.582386E+02   0.322823E+00   0.579742E+02   0.579742E+02
   0.492474E-01   0.554400E+02   0.266351E+00   0.553521E+02   0.553521E+02
   0.504042E-01   0.523332E+02   0.312731E+00   0.524046E+02   0.524046E+02
   0.513822E-01   0.500072E+02   0.258023E+00   0.500612E+02   0.500612E+02
   0.525301E-01   0.473238E+02   0.303595E+00   0.474763E+02   0.474763E+02
   0.535169E-01   0.453477E+02   0.251035E+00   0.453902E+02   0.453902E+02
   0.546560E-01   0.431989E+02   0.295400E+00   0.431302E+02   0.431302E+02
   0.556516E-01   0.413072E+02   0.242960E+00   0.412777E+02   0.412777E+02
   0.567819E-01   0.392431E+02   0.287998E+00   0.393051E+02   0.393051E+02
   0.577864E-01   0.379769E+02   0.237195E+00   0.376615E+02   0.376615E+02
   0.589078E-01   0.356517E+02   0.281342E+00   0.359402E+02   0.359402E+02
   0.599211E-01   0.343865E+02   0.232355E+00   0.344812E+02   0.344812E+02
   0.610337E-01   0.329528E+02   0.276292E+00   0.329772E+02   0.329772E+02
   0.620558E-01   0.316722E+02   0.225632E+00   0.316795E+02   0.316795E+02
   0.631595E-01   0.300820E+02   0.268757E+00   0.303618E+02   0.303618E+02
   0.641906E-01   0.292485E+02   0.220638E+00   0.292034E+02   0.292034E+02
   0.652854E-01   0.281772E+02   0.264715E+00   0.280443E+02   0.280443E+02
   0.663253E-01   0.273145E+02   0.215400E+00   0.270056E+02   0.270056E+02
   0.674114E-01   0.263062E+02   0.258105E+00   0.259804E+02   0.259804E+02
   0.684600E-01   0.244234E+02   0.209060E+00   0.250440E+02   0.250440E+02
   0.695372E-01   0.238283E+02   0.252600E+00   0.241320E+02   0.241320E+02
   0.705948E-01   0.230738E+02   0.206612E+00   0.232820E+02   0.232820E+02
   0.716631E-01   0.224151E+02   0.249992E+00   0.224654E+02   0.224654E+02
   0.727295E-01   0.218845E+02   0.203768E+00   0.216888E+02   0.216888E+02
   0.737890E-01   0.208629E+02   0.246694E+00   0.209523E+02   0.209523E+02
   0.748643E-01   0.205685E+02   0.201683E+00   0.202378E+02   0.202378E+02
   0.759149E-01   0.196528E+02   0.243448E+00   0.195690E+02   0.195690E+02
   0.769990E-01   0.189349E+02   0.198534E+00   0.189070E+02   0.189070E+02
   0.780408E-01   0.182506E+02   0.240929E+00   0.182955E+02   0.182955E+02
   0.791337E-01   0.176148E+02   0.194880E+00   0.176780E+02   0.176780E+02
   0.801667E-01   0.174802E+02   0.239466E+00   0.171152E+02   0.171152E+02
   0.812684E-01   0.164709E+02   0.192458E+00   0.165356E+02   0.165356E+02
   0.822926E-01   0.155960E+02   0.233432E+00   0.160144E+02   0.160144E+02
   0.834032E-01   0.150997E+02   0.188965E+00   0.154671E+02   0.154671E+02
   0.844185E-01   0.151618E+02   0.234480E+00   0.149819E+02   0.149819E+02
   0.855379E-01   0.144728E+02   0.188835E+00   0.144625E+02   0.144625E+02
   0.865443E-01   0.139426E+02   0.232357E+00   0.140085E+02   0.140085E+02
   0.876727E-01   0.137335E+02   0.186608E+00   0.135131E+02   0.135131E+02
   0.886702E-01   0.136793E+02   0.230155E+00   0.130867E+02   0.130867E+02
   0.898074E-01   0.128388E+02   0.183843E+00   0.126127E+02   0.126127E+02
   0.907962E-01   0.122189E+02   0.225672E+00   0.122107E+02   0.122107E+02
   0.919421E-01   0.116175E+02   0.180562E+00   0.117560E+02   0.117560E+02
   0.929220E-01   0.112656E+02   0.223592E+00   0.113764E+02   0.113764E+02
   0.940769E-01   0.111135E+02   0.179889E+00   0.109395E+02   0.109395E+02
   0.951653E-01   0.107514E+02   0.201075E+00   0.105378E+02   0.105378E+02
   0.963878E-01   0.100773E+02   0.175935E+00   0.100981E+02   0.100981E+02
   0.975262E-01   0.969752E+01   0.218335E+00   0.969943E+01   0.969943E+01
   0.985225E-01   0.963809E+01   0.177002E+00   0.935896E+01   0.935896E+01
   0.996521E-01   0.926566E+01   0.215648E+00   0.898251E+01   0.898251E+01
   0.100657E+00   0.867705E+01   0.172275E+00   0.865621E+01   0.865621E+01
   0.101778E+00   0.823171E+01   0.210905E+00   0.830187E+01   0.830187E+01
   0.102792E+00   0.795349E+01   0.170115E+00   0.799023E+01   0.799023E+01
   0.103904E+00   0.781449E+01   0.210728E+00   0.765834E+01   0.765834E+01
   0.104927E+00   0.743326E+01   0.167818E+00   0.736230E+01   0.736230E+01
   0.106030E+00   0.676383E+01   0.207922E+00   0.705327E+01   0.705327E+01
   0.107062E+00   0.672603E+01   0.163802E+00   0.677384E+01   0.677384E+01
   0.108156E+00   0.641531E+01   0.205565E+00   0.648806E+01   0.648806E+01
   0.109196E+00   0.622006E+01   0.162769E+00   0.622651E+01   0.622651E+01
   0.110384E+00   0.576414E+01   0.162329E+00   0.594001E+01   0.594001E+01
   0.112389E+00   0.539714E+01   0.104872E+00   0.548634E+01   0.548634E+01
   0.114533E+00   0.498731E+01   0.102589E+00   0.504318E+01   0.504318E+01
   0.116676E+00   0.450500E+01   0.102537E+00   0.464324E+01   0.464324E+01
   0.118820E+00   0.429814E+01   0.101650E+00   0.428505E+01   0.428505E+01
   0.120964E+00   0.417448E+01   0.101144E+00   0.396689E+01   0.396689E+01
   0.123107E+00   0.360646E+01   0.993831E-01   0.368615E+01   0.368615E+01
   0.125251E+00   0.352066E+01   0.981806E-01   0.343922E+01   0.343922E+01
   0.127395E+00   0.319683E+01   0.976237E-01   0.322238E+01   0.322238E+01
   0.129538E+00   0.303162E+01   0.980800E-01   0.303154E+01   0.303154E+01
   0.131682E+00   0.279438E+01   0.966522E-01   0.286237E+01   0.286237E+01
   0.133825E+00   0.276152E+01   0.971882E-01   0.271101E+01   0.271101E+01
   0.135968E+00   0.256802E+01   0.952112E-01   0.257372E+01   0.257372E+01
   0.138112E+00   0.240791E+01   0.951589E-01   0.244737E+01   0.244737E+01
   0.140256E+00   0.232749E+01   0.949392E-01   0.232954E+01   0.232954E+01
   0.142400E+00   0.217809E+01   0.950558E-01   0.221845E+01   0.221845E+01
   0.144543E+00   0.211162E+01   0.943254E-01   0.211304E+01   0.211304E+01
   0.146686E+00   0.188257E+01   0.930992E-01   0.201277E+01   0.201277E+01
   0.148830E+00   0.193460E+01   0.929612E-01   0.191759E+01   0.191759E+01
   0.150974E+00   0.186037E+01   0.924488E-01   0.182788E+01   0.182788E+01
   0.153117E+00   0.179765E+01   0.930266E-01   0.174423E+01   0.174423E+01
   0.155261E+00   0.152930E+01   0.923731E-01   0.166712E+01   0.166712E+01
   0.157405E+00   0.171031E+01   0.946909E-01   0.159707E+01   0.159707E+01
   0.159548E+00   0.144295E+01   0.922522E-01   0.153434E+01   0.153434E+01
   0.161692E+00   0.153312E+01   0.920326E-01   0.147883E+01   0.147883E+01
   0.163835E+00   0.149763E+01   0.918123E-01   0.143022E+01   0.143022E+01
   0.165979E+00   0.137504E+01   0.933286E-01   0.138781E+01   0.138781E+01
   0.168122E+00   0.143944E+01   0.914015E-01   0.135068E+01   0.135068E+01
   0.170266E+00   0.120695E+01   0.912209E-01   0.131768E+01   0.131768E+01
   0.172409E+00   0.128432E+01   0.910648E-01   0.128765E+01   0.128765E+01
   0.174553E+00   0.116743E+01   0.914994E-01   0.125935E+01   0.125935E+01

           ####      Real Space Data                               ####

           Distance distribution  function of particle  


      R          P(R)      ERROR

  0.0000E+00  0.0000E+00  0.0000E+00
  0.1975E+01  0.7390E-02  0.2108E-03
  0.3951E+01  0.1758E-01  0.3149E-03
  0.5926E+01  0.3039E-01  0.3250E-03
  0.7901E+01  0.4553E-01  0.2621E-03
  0.9877E+01  0.6263E-01  0.1627E-03
  0.1185E+02  0.8123E-01  0.1328E-03
  0.1383E+02  0.1008E+00  0.2424E-03
  0.1580E+02  0.1209E+00  0.3706E-03
  0.1778E+02  0.1409E+00  0.4698E-03
  0.1975E+02  0.1604E+00  0.5228E-03
  0.2173E+02  0.1789E+00  0.5240E-03
  0.2370E+02  0.1959E+00  0.4773E-03
  0.2568E+02  0.2113E+00  0.3976E-03
  0.2765E+02  0.2248E+00  0.3162E-03
  0.2963E+02  0.2362E+00  0.2864E-03
  0.3160E+02  0.2455E+00  0.3379E-03
  0.3358E+02  0.2528E+00  0.4299E-03
  0.3556E+02  0.2581E+00  0.5167E-03
  0.3753E+02  0.2616E+00  0.5759E-03
  0.3951E+02  0.2635E+00  0.6005E-03
  0.4148E+02  0.2640E+00  0.5954E-03
  0.4346E+02  0.2634E+00  0.5757E-03
  0.4543E+02  0.2619E+00  0.5637E-03
  0.4741E+02  0.2597E+00  0.5794E-03
  0.4938E+02  0.2570E+00  0.6263E-03
  0.5136E+02  0.2540E+00  0.6902E-03
  0.5333E+02  0.2508E+00  0.7506E-03
  0.5531E+02  0.2475E+00  0.7915E-03
  0.5728E+02  0.2441E+00  0.8049E-03
  0.5926E+02  0.2408E+00  0.7918E-03
  0.6123E+02  0.2375E+00  0.7616E-03
  0.6321E+02  0.2341E+00  0.7302E-03
  0.6519E+02  0.2307E+00  0.7147E-03
  0.6716E+02  0.2272E+00  0.7248E-03
  0.6914E+02  0.2235E+00  0.7567E-03
  0.7111E+02  0.2195E+00  0.7967E-03
  0.7309E+02  0.2153E+00  0.8304E-03
  0.7506E+02  0.2108E+00  0.8485E-03
  0.7704E+02  0.2059E+00  0.8502E-03
  0.7901E+02  0.2005E+00  0.8417E-03
  0.8099E+02  0.1947E+00  0.8342E-03
  0.8296E+02  0.1885E+00  0.8385E-03
  0.8494E+02  0.1818E+00  0.8590E-03
  0.8691E+02  0.1747E+00  0.8912E-03
  0.8889E+02  0.1672E+00  0.9251E-03
  0.9086E+02  0.1593E+00  0.9511E-03
  0.9284E+02  0.1512E+00  0.9646E-03
  0.9481E+02  0.1429E+00  0.9690E-03
  0.9679E+02  0.1344E+00  0.9747E-03
  0.9877E+02  0.1258E+00  0.9954E-03
  0.1007E+03  0.1172E+00  0.1041E-02
  0.1027E+03  0.1088E+00  0.1111E-02
  0.1047E+03  0.1005E+00  0.1195E-02
  0.1067E+03  0.9246E-01  0.1278E-02
  0.1086E+03  0.8472E-01  0.1343E-02
  0.1106E+03  0.7735E-01  0.1382E-02
  0.1126E+03  0.7036E-01  0.1393E-02
  0.1146E+03  0.6381E-01  0.1381E-02
  0.1165E+03  0.5770E-01  0.1358E-02
  0.1185E+03  0.5204E-01  0.1339E-02
  0.1205E+03  0.4685E-01  0.1341E-02
  0.1225E+03  0.4211E-01  0.1367E-02
  0.1244E+03  0.3782E-01  0.1415E-02
  0.1264E+03  0.3397E-01  0.1472E-02
  0.1284E+03  0.3054E-01  0.1526E-02
  0.1304E+03  0.2752E-01  0.1565E-02
  0.1323E+03  0.2488E-01  0.1587E-02
  0.1343E+03  0.2260E-01  0.1593E-02
  0.1363E+03  0.2065E-01  0.1596E-02
  0.1383E+03  0.1900E-01  0.1606E-02
  0.1402E+03  0.1758E-01  0.1636E-02
  0.1422E+03  0.1635E-01  0.1690E-02
  0.1442E+03  0.1523E-01  0.1762E-02
  0.1462E+03  0.1415E-01  0.1837E-02
  0.1481E+03  0.1301E-01  0.1890E-02
  0.1501E+03  0.1173E-01  0.1891E-02
  0.1521E+03  0.1021E-01  0.1810E-02
  0.1541E+03  0.8345E-02  0.1611E-02
  0.1560E+03  0.6067E-02  0.1264E-02
  0.1580E+03  0.3302E-02  0.7361E-03
  0.1600E+03  0.0000E+00  0.0000E+00
